<?xml version="1.0" encoding="UTF-8"?>
<!-- Generated by org.testng.reporters.JUnitReportReporter -->
<testsuite hostname="MindSDET505" failures="0" tests="10" name="com.mindtree.runner.BDDTestRunner" time="207.188" errors="1" timestamp="2022-01-18T23:14:37 GMT+05:30" skipped="0">
  <testcase classname="com.mindtree.runner.BDDTestRunner" name="runScenario" time="12.122"/>
  <testcase classname="com.mindtree.runner.BDDTestRunner" name="runScenario" time="23.583">
    <error message="booknow is not able clicked in page booknow" type="com.mindtree.exceptions.ReusableComponentException">
      <![CDATA[com.mindtree.exceptions.ReusableComponentException: booknow is not able clicked in page booknow
at com.mindtree.reusableComponents.WebDriverSupport.click(WebDriverSupport.java:22)
at com.mindtree.pageObject.Signout.book(Signout.java:45)
at com.mindtree.stepDefinitions.SignoutStepDef.click_on_bookings_and_cancelled_and_comlplete_and_booknow(SignoutStepDef.java:64)
at ✽.click on bookings and cancelled and comlplete and booknow(file:///C:/Users/sdetjavamind11/Downloads/BDDFramework-master/Features/Signout.feature:10)
]]>
    </error>
  </testcase> <!-- runScenario -->
  <testcase classname="com.mindtree.runner.BDDTestRunner" name="runScenario" time="19.616"/>
  <testcase classname="com.mindtree.runner.BDDTestRunner" name="runScenario" time="26.719"/>
  <testcase classname="com.mindtree.runner.BDDTestRunner" name="runScenario" time="31.618"/>
  <testcase classname="com.mindtree.runner.BDDTestRunner" name="runScenario" time="13.602"/>
  <testcase classname="com.mindtree.runner.BDDTestRunner" name="runScenario" time="19.632"/>
  <testcase classname="com.mindtree.runner.BDDTestRunner" name="runScenario" time="6.572"/>
  <testcase classname="com.mindtree.runner.BDDTestRunner" name="runScenario" time="38.621"/>
  <testcase classname="com.mindtree.runner.BDDTestRunner" name="runScenario" time="15.103"/>
</testsuite> <!-- com.mindtree.runner.BDDTestRunner -->
